<?xml version="1.0" encoding="UTF-8"?>
<!-- Generated by org.testng.reporters.JUnitXMLReporter -->
<testsuite ignored="0" hostname="LAPTOP-R5NV1QLO" failures="1" tests="2" name="Test" time="6.948" errors="0" timestamp="2022-04-14T18:20:34 EDT">
  <testcase classname="RBCcapital.April14.SecondpageTest" name="enterword" time="0.01">
    <failure type="java.lang.NullPointerException">
      <![CDATA[java.lang.NullPointerException
at Resources.Windowswitch.windows(Windowswitch.java:21)
at RBCcapital.April14.SecondpageTest.enterword(SecondpageTest.java:16)
at java.base/java.util.ArrayList.forEach(ArrayList.java:1510)
... Removed 27 stack frames]]>
    </failure>
  </testcase> <!-- enterword -->
  <testcase classname="RBCcapital.April14.firstTest" name="dropdown" time="0.631"/>
</testsuite> <!-- Test -->
