<?xml version="1.0" encoding="UTF-8"?>
<testng-results ignored="0" total="2" passed="2" failed="0" skipped="0">
  <reporter-output>
  </reporter-output>
  <suite started-at="2022-04-16T13:36:41 EDT" name="Surefire suite" finished-at="2022-04-16T13:36:50 EDT" duration-ms="9469">
    <groups>
    </groups>
    <test started-at="2022-04-16T13:36:41 EDT" name="Surefire test" finished-at="2022-04-16T13:36:50 EDT" duration-ms="9469">
      <class name="RBCcapital.April14.firstTest">
        <test-method is-config="true" signature="invokebrowser()[pri:0, instance:RBCcapital.April14.firstTest@37f1104d]" started-at="2022-04-16T13:36:41 EDT" name="invokebrowser" finished-at="2022-04-16T13:36:47 EDT" duration-ms="5800" status="PASS">
          <reporter-output>
          </reporter-output>
        </test-method> <!-- invokebrowser -->
        <test-method signature="dropdown()[pri:0, instance:RBCcapital.April14.firstTest@37f1104d]" started-at="2022-04-16T13:36:47 EDT" name="dropdown" finished-at="2022-04-16T13:36:47 EDT" duration-ms="699" status="PASS">
          <reporter-output>
          </reporter-output>
        </test-method> <!-- dropdown -->
        <test-method signature="enterword()[pri:0, instance:RBCcapital.April14.firstTest@37f1104d]" started-at="2022-04-16T13:36:47 EDT" name="enterword" finished-at="2022-04-16T13:36:50 EDT" duration-ms="2881" status="PASS">
          <reporter-output>
          </reporter-output>
        </test-method> <!-- enterword -->
      </class> <!-- RBCcapital.April14.firstTest -->
    </test> <!-- Surefire test -->
  </suite> <!-- Surefire suite -->
</testng-results>
