<?xml version="1.0" encoding="UTF-8"?>
<testng-results ignored="0" total="2" passed="2" failed="0" skipped="0">
  <reporter-output>
  </reporter-output>
  <suite started-at="2022-04-16T15:53:18 EDT" name="Default suite" finished-at="2022-04-16T15:53:25 EDT" duration-ms="7368">
    <groups>
    </groups>
    <test started-at="2022-04-16T15:53:18 EDT" name="Default test" finished-at="2022-04-16T15:53:25 EDT" duration-ms="7368">
      <class name="RBCcapital.April14.firstTest">
        <test-method is-config="true" signature="invokebrowser()[pri:0, instance:RBCcapital.April14.firstTest@6253c26]" started-at="2022-04-16T15:53:18 EDT" name="invokebrowser" finished-at="2022-04-16T15:53:23 EDT" duration-ms="4635" status="PASS">
          <reporter-output>
          </reporter-output>
        </test-method> <!-- invokebrowser -->
        <test-method signature="dropdown()[pri:0, instance:RBCcapital.April14.firstTest@6253c26]" started-at="2022-04-16T15:53:23 EDT" name="dropdown" finished-at="2022-04-16T15:53:23 EDT" duration-ms="481" status="PASS">
          <reporter-output>
          </reporter-output>
        </test-method> <!-- dropdown -->
        <test-method signature="enterword()[pri:0, instance:RBCcapital.April14.firstTest@6253c26]" started-at="2022-04-16T15:53:23 EDT" name="enterword" finished-at="2022-04-16T15:53:25 EDT" duration-ms="2211" status="PASS">
          <reporter-output>
          </reporter-output>
        </test-method> <!-- enterword -->
      </class> <!-- RBCcapital.April14.firstTest -->
    </test> <!-- Default test -->
  </suite> <!-- Default suite -->
</testng-results>
